2021-03-13 10:51:31 [scrapy.utils.log] INFO: Scrapy 2.4.1 started (bot: scrapy_app)
2021-03-13 10:51:31 [scrapy.utils.log] INFO: Versions: lxml 4.6.2.0, libxml2 2.9.10, cssselect 1.1.0, parsel 1.6.0, w3lib 1.22.0, Twisted 21.2.0, Python 3.7.4 (default, Mar  8 2021, 13:28:57) - [GCC 8.3.0], pyOpenSSL 20.0.1 (OpenSSL 1.1.1j  16 Feb 2021), cryptography 3.4.6, Platform Linux-5.4.89+-x86_64-with-debian-10.8
2021-03-13 10:51:31 [scrapy.utils.log] DEBUG: Using reactor: twisted.internet.epollreactor.EPollReactor
2021-03-13 10:51:31 [scrapy.crawler] INFO: Overridden settings:
{'BOT_NAME': 'scrapy_app',
 'CONCURRENT_REQUESTS': 1,
 'LOG_FILE': 'logs/default/newscrawler/10fd0a5a83ea11eba0a10242ac110004.log',
 'NEWSPIDER_MODULE': 'scrapy_app.spiders',
 'ROBOTSTXT_OBEY': True,
 'SPIDER_MODULES': ['scrapy_app.spiders'],
 'USER_AGENT': 'Mozilla/5.0 (X11; Linux x86_64) AppleWebKit/537.36 (KHTML, '
               'like Gecko) Chrome/51.0.2704.103 Safari/537.36'}
2021-03-13 10:51:31 [scrapy.extensions.telnet] INFO: Telnet Password: 76e7433e987682c6
2021-03-13 10:51:32 [scrapy.middleware] INFO: Enabled extensions:
['scrapy.extensions.corestats.CoreStats',
 'scrapy.extensions.telnet.TelnetConsole',
 'scrapy.extensions.memusage.MemoryUsage',
 'scrapy.extensions.logstats.LogStats']
2021-03-13 10:51:32 [twisted] CRITICAL: Unhandled error in Deferred:
2021-03-13 10:51:32 [twisted] CRITICAL: 
Traceback (most recent call last):
  File "/home/nthungnt2608/.pyenv/versions/3.7.4/lib/python3.7/site-packages/twisted/internet/defer.py", line 1445, in _inlineCallbacks
    result = current_context.run(g.send, result)
  File "/home/nthungnt2608/.pyenv/versions/3.7.4/lib/python3.7/site-packages/scrapy/crawler.py", line 87, in crawl
    self.engine = self._create_engine()
  File "/home/nthungnt2608/.pyenv/versions/3.7.4/lib/python3.7/site-packages/scrapy/crawler.py", line 101, in _create_engine
    return ExecutionEngine(self, lambda _: self.stop())
  File "/home/nthungnt2608/.pyenv/versions/3.7.4/lib/python3.7/site-packages/scrapy/core/engine.py", line 69, in __init__
    self.downloader = downloader_cls(crawler)
  File "/home/nthungnt2608/.pyenv/versions/3.7.4/lib/python3.7/site-packages/scrapy/core/downloader/__init__.py", line 83, in __init__
    self.middleware = DownloaderMiddlewareManager.from_crawler(crawler)
  File "/home/nthungnt2608/.pyenv/versions/3.7.4/lib/python3.7/site-packages/scrapy/middleware.py", line 53, in from_crawler
    return cls.from_settings(crawler.settings, crawler)
  File "/home/nthungnt2608/.pyenv/versions/3.7.4/lib/python3.7/site-packages/scrapy/middleware.py", line 34, in from_settings
    mwcls = load_object(clspath)
  File "/home/nthungnt2608/.pyenv/versions/3.7.4/lib/python3.7/site-packages/scrapy/utils/misc.py", line 62, in load_object
    mod = import_module(module)
  File "/home/nthungnt2608/.pyenv/versions/3.7.4/lib/python3.7/importlib/__init__.py", line 127, in import_module
    return _bootstrap._gcd_import(name[level:], package, level)
  File "<frozen importlib._bootstrap>", line 1006, in _gcd_import
  File "<frozen importlib._bootstrap>", line 983, in _find_and_load
  File "<frozen importlib._bootstrap>", line 965, in _find_and_load_unlocked
ModuleNotFoundError: No module named 'scrapy_scrapingbee'
