2021-02-09 23:22:40 [scrapy.utils.log] INFO: Scrapy 2.4.1 started (bot: scrapy_app)
2021-02-09 23:22:40 [scrapy.utils.log] INFO: Versions: lxml 4.6.2.0, libxml2 2.9.5, cssselect 1.1.0, parsel 1.6.0, w3lib 1.22.0, Twisted 20.3.0, Python 3.8.6 (tags/v3.8.6:db45529, Sep 23 2020, 15:52:53) [MSC v.1927 64 bit (AMD64)], pyOpenSSL 20.0.1 (OpenSSL 1.1.1i  8 Dec 2020), cryptography 3.3.1, Platform Windows-10-10.0.17763-SP0
2021-02-09 23:22:40 [scrapy.utils.log] DEBUG: Using reactor: twisted.internet.selectreactor.SelectReactor
2021-02-09 23:22:40 [scrapy.crawler] INFO: Overridden settings:
{'BOT_NAME': 'scrapy_app',
 'CONCURRENT_REQUESTS': 1,
 'LOG_FILE': 'logs\\default\\majorCrawler\\041142506af311eb98fc9840bb3a3f7e.log',
 'NEWSPIDER_MODULE': 'scrapy_app.spiders',
 'ROBOTSTXT_OBEY': True,
 'SPIDER_MODULES': ['scrapy_app.spiders'],
 'USER_AGENT': 'Mozilla/5.0 (X11; Linux x86_64) AppleWebKit/537.36 (KHTML, '
               'like Gecko) Chrome/51.0.2704.103 Safari/537.36'}
2021-02-09 23:22:40 [scrapy.extensions.telnet] INFO: Telnet Password: fd055bb11b92f4be
2021-02-09 23:22:40 [scrapy.middleware] INFO: Enabled extensions:
['scrapy.extensions.corestats.CoreStats',
 'scrapy.extensions.telnet.TelnetConsole',
 'scrapy.extensions.logstats.LogStats']
2021-02-09 23:22:40 [scrapy.middleware] INFO: Enabled downloader middlewares:
['scrapy.downloadermiddlewares.robotstxt.RobotsTxtMiddleware',
 'scrapy.downloadermiddlewares.httpauth.HttpAuthMiddleware',
 'scrapy.downloadermiddlewares.downloadtimeout.DownloadTimeoutMiddleware',
 'scrapy.downloadermiddlewares.defaultheaders.DefaultHeadersMiddleware',
 'scrapy.downloadermiddlewares.useragent.UserAgentMiddleware',
 'scrapy.downloadermiddlewares.retry.RetryMiddleware',
 'scrapy.downloadermiddlewares.redirect.MetaRefreshMiddleware',
 'scrapy.downloadermiddlewares.httpcompression.HttpCompressionMiddleware',
 'scrapy.downloadermiddlewares.redirect.RedirectMiddleware',
 'scrapy.downloadermiddlewares.cookies.CookiesMiddleware',
 'scrapy_scrapingbee.ScrapingBeeMiddleware',
 'scrapy.downloadermiddlewares.httpproxy.HttpProxyMiddleware',
 'scrapy.downloadermiddlewares.stats.DownloaderStats']
2021-02-09 23:22:40 [scrapy.middleware] INFO: Enabled spider middlewares:
['scrapy.spidermiddlewares.httperror.HttpErrorMiddleware',
 'scrapy.spidermiddlewares.offsite.OffsiteMiddleware',
 'scrapy.spidermiddlewares.referer.RefererMiddleware',
 'scrapy.spidermiddlewares.urllength.UrlLengthMiddleware',
 'scrapy.spidermiddlewares.depth.DepthMiddleware']
2021-02-09 23:22:40 [twisted] CRITICAL: Unhandled error in Deferred:
2021-02-09 23:22:40 [twisted] CRITICAL: 
Traceback (most recent call last):
  File "c:\users\admin\downloads\djangoproject\venv\lib\site-packages\twisted\internet\defer.py", line 1418, in _inlineCallbacks
    result = g.send(result)
  File "c:\users\admin\downloads\djangoproject\venv\lib\site-packages\scrapy\crawler.py", line 87, in crawl
    self.engine = self._create_engine()
  File "c:\users\admin\downloads\djangoproject\venv\lib\site-packages\scrapy\crawler.py", line 101, in _create_engine
    return ExecutionEngine(self, lambda _: self.stop())
  File "c:\users\admin\downloads\djangoproject\venv\lib\site-packages\scrapy\core\engine.py", line 70, in __init__
    self.scraper = Scraper(crawler)
  File "c:\users\admin\downloads\djangoproject\venv\lib\site-packages\scrapy\core\scraper.py", line 71, in __init__
    self.itemproc = itemproc_cls.from_crawler(crawler)
  File "c:\users\admin\downloads\djangoproject\venv\lib\site-packages\scrapy\middleware.py", line 53, in from_crawler
    return cls.from_settings(crawler.settings, crawler)
  File "c:\users\admin\downloads\djangoproject\venv\lib\site-packages\scrapy\middleware.py", line 35, in from_settings
    mw = create_instance(mwcls, settings, crawler)
  File "c:\users\admin\downloads\djangoproject\venv\lib\site-packages\scrapy\utils\misc.py", line 167, in create_instance
    instance = objcls.from_crawler(crawler, *args, **kwargs)
  File "C:\Users\Admin\Downloads\tuyensinhchannel-api-crawl\scrapy_app\scrapy_app\pipelines.py", line 22, in from_crawler
    return cls(
  File "C:\Users\Admin\Downloads\tuyensinhchannel-api-crawl\scrapy_app\scrapy_app\pipelines.py", line 15, in __init__
    y = json.loads(unique_id)
  File "C:\Users\Admin\AppData\Local\Programs\Python\Python38\lib\json\__init__.py", line 357, in loads
    return _default_decoder.decode(s)
  File "C:\Users\Admin\AppData\Local\Programs\Python\Python38\lib\json\decoder.py", line 340, in decode
    raise JSONDecodeError("Extra data", s, end)
json.decoder.JSONDecodeError: Extra data: line 1 column 3 (char 2)
